<?xml version="1.0" encoding="UTF-8"?>
<!-- Generated by org.testng.reporters.JUnitReportReporter -->
<testsuite hostname="DESKTOP-0MS46UJ" failures="0" tests="1" name="Test.TestMsgDemoApplication" time="44.338" errors="0" timestamp="08 Sep 2020 16:55:37 GMT" skipped="0">
  <testcase classname="Test.TestMsgDemoApplication" name="testAccountInformatioPage" time="44.338"/>
</testsuite> <!-- Test.TestMsgDemoApplication -->
