<?xml version="1.0" encoding="UTF-8"?>
<!-- Generated by org.testng.reporters.JUnitReportReporter -->
<testsuite hostname="DESKTOP-0MS46UJ" failures="0" tests="1" name="Test.TestApplication" time="57.363" errors="0" timestamp="08 Sep 2020 16:20:29 GMT" skipped="0">
  <testcase classname="Test.TestApplication" name="testAccountInformatioPage" time="57.363"/>
</testsuite> <!-- Test.TestApplication -->
