<?xml version="1.0" encoding="UTF-8"?>
<!-- Generated by org.testng.reporters.JUnitReportReporter -->
<testsuite hostname="DESKTOP-0MS46UJ" failures="0" tests="1" name="Test.TestfreshthymeApplication" time="46.177" errors="0" timestamp="08 Sep 2020 17:03:13 GMT" skipped="0">
  <testcase classname="Test.TestfreshthymeApplication" name="login" time="46.177"/>
</testsuite> <!-- Test.TestfreshthymeApplication -->
