<?xml version="1.0" encoding="UTF-8"?>
<!-- Generated by org.testng.reporters.JUnitReportReporter -->
<testsuite hostname="DESKTOP-0MS46UJ" failures="0" tests="3" name="Test.TestMsgDemoErrorMsg" time="121.519" errors="0" timestamp="08 Sep 2020 16:37:48 GMT" skipped="0">
  <testcase classname="Test.TestMsgDemoErrorMsg" name="testErrorMessages" time="33.369"/>
  <testcase classname="Test.TestMsgDemoErrorMsg" name="testInvalidData" time="51.829"/>
  <testcase classname="Test.TestMsgDemoErrorMsg" name="numberOfForms" time="36.321"/>
</testsuite> <!-- Test.TestMsgDemoErrorMsg -->
